#
# There is insufficient memory for the Java Runtime Environment to continue.
# Native memory allocation (malloc) failed to allocate 208848 bytes for Chunk::new
# Possible reasons:
#   The system is out of physical RAM or swap space
#   The process is running with CompressedOops enabled, and the Java Heap may be blocking the growth of the native heap
# Possible solutions:
#   Reduce memory load on the system
#   Increase physical memory or swap space
#   Check if swap backing store is full
#   Decrease Java heap size (-Xmx/-Xms)
#   Decrease number of Java threads
#   Decrease Java thread stack sizes (-Xss)
#   Set larger code cache with -XX:ReservedCodeCacheSize=
#   JVM is running with Unscaled Compressed Oops mode in which the Java heap is
#     placed in the first 4GB address space. The Java Heap base address is the
#     maximum limit for the native heap growth. Please use -XX:HeapBaseMinAddress
#     to set the Java Heap base and to place the Java Heap above 4GB virtual address.
# This output file may be truncated or incomplete.
#
#  Out of Memory Error (allocation.cpp:389), pid=18560, tid=0x0000000000004be0
#
# JRE version: OpenJDK Runtime Environment (8.0_212-b04) (build 1.8.0_212-release-1586-b04)
# Java VM: OpenJDK 64-Bit Server VM (25.212-b04 mixed mode windows-amd64 compressed oops)
# Failed to write core dump. Minidumps are not enabled by default on client versions of Windows
#

---------------  T H R E A D  ---------------

Current thread (0x0000000016131000):  JavaThread "C2 CompilerThread0" daemon [_thread_in_native, id=19424, stack(0x00000000177b0000,0x00000000178b0000)]

Stack: [0x00000000177b0000,0x00000000178b0000]
[error occurred during error reporting (printing stack bounds), id 0xc0000005]

Native frames: (J=compiled Java code, j=interpreted, Vv=VM code, C=native code)


Current CompileTask:
C2:   5027 1373   !   4       java.lang.ClassLoader::loadClass (122 bytes)


---------------  P R O C E S S  ---------------

Java Threads: ( => current thread )
  0x0000000019c31000 JavaThread "Thread-9" [_thread_blocked, id=10792, stack(0x000000001b9d0000,0x000000001bad0000)]
  0x0000000019c32800 JavaThread "Stdin handler" [_thread_blocked, id=11624, stack(0x000000001b8d0000,0x000000001b9d0000)]
  0x0000000019c14000 JavaThread "Asynchronous log dispatcher for DefaultDaemonConnection: socket connection from /127.0.0.1:63210 to /127.0.0.1:63211" [_thread_blocked, id=5944, stack(0x000000001b7d0000,0x000000001b8d0000)]
  0x0000000019c39800 JavaThread "Daemon worker" [_thread_in_vm, id=9272, stack(0x000000001b6d0000,0x000000001b7d0000)]
  0x0000000019c37000 JavaThread "Cancel handler" [_thread_blocked, id=19676, stack(0x000000001b5d0000,0x000000001b6d0000)]
  0x0000000019be6800 JavaThread "Handler for socket connection from /127.0.0.1:63210 to /127.0.0.1:63211" [_thread_in_native, id=12512, stack(0x000000001b2d0000,0x000000001b3d0000)]
  0x0000000019be3000 JavaThread "Daemon" [_thread_blocked, id=7940, stack(0x000000001b1d0000,0x000000001b2d0000)]
  0x0000000019b6c000 JavaThread "Daemon periodic checks" [_thread_blocked, id=10456, stack(0x000000001b0d0000,0x000000001b1d0000)]
  0x0000000019b6a000 JavaThread "Incoming local TCP Connector on port 63210" [_thread_in_native, id=780, stack(0x000000001ae90000,0x000000001af90000)]
  0x0000000017cc1000 JavaThread "Daemon health stats" [_thread_blocked, id=2016, stack(0x000000001a850000,0x000000001a950000)]
  0x0000000017ad0800 JavaThread "Service Thread" daemon [_thread_blocked, id=12052, stack(0x0000000017eb0000,0x0000000017fb0000)]
  0x0000000016138800 JavaThread "C1 CompilerThread2" daemon [_thread_in_vm, id=13144, stack(0x00000000179b0000,0x0000000017ab0000)]
  0x0000000016134000 JavaThread "C2 CompilerThread1" daemon [_thread_blocked, id=11940, stack(0x00000000178b0000,0x00000000179b0000)]
=>0x0000000016131000 JavaThread "C2 CompilerThread0" daemon [_thread_in_native, id=19424, stack(0x00000000177b0000,0x00000000178b0000)]
  0x000000001612b000 JavaThread "Attach Listener" daemon [_thread_blocked, id=16172, stack(0x00000000176b0000,0x00000000177b0000)]
  0x000000001612a000 JavaThread "Signal Dispatcher" daemon [_thread_blocked, id=3852, stack(0x00000000175b0000,0x00000000176b0000)]
  0x00000000027bb000 JavaThread "Finalizer" daemon [_thread_blocked, id=20072, stack(0x00000000173b0000,0x00000000174b0000)]
  0x0000000016119000 JavaThread "Reference Handler" daemon [_thread_blocked, id=13416, stack(0x00000000172b0000,0x00000000173b0000)]
  0x00000000024be000 JavaThread "main" [_thread_blocked, id=2372, stack(0x00000000025c0000,0x00000000026c0000)]

Other Threads:
  0x00000000160f6000 VMThread [stack: 0x00000000171b0000,0x00000000172b0000] [id=11300]
  0x000000001618e800 WatcherThread [stack: 0x0000000017fb0000,0x00000000180b0000] [id=5336]

VM state:not at safepoint (normal execution)

VM Mutex/Monitor currently owned by a thread: None

heap address: 0x00000000a0000000, size: 1536 MB, Compressed Oops mode: 32-bit
Narrow klass base: 0x0000000000000000, Narrow klass shift: 3
Compressed class space size: 1073741824 Address: 0x0000000100000000

Heap:
 PSYoungGen      total 37888K, used 13269K [0x00000000e0000000, 0x00000000e2a00000, 0x0000000100000000)
  eden space 32768K, 24% used [0x00000000e0000000,0x00000000e07f54b0,0x00000000e2000000)
  from space 5120K, 100% used [0x00000000e2000000,0x00000000e2500000,0x00000000e2500000)
  to   space 5120K, 0% used [0x00000000e2500000,0x00000000e2500000,0x00000000e2a00000)
 ParOldGen       total 86016K, used 1343K [0x00000000a0000000, 0x00000000a5400000, 0x00000000e0000000)
  object space 86016K, 1% used [0x00000000a0000000,0x00000000a014fcd0,0x00000000a5400000)
 Metaspace       used 12665K, capacity 13034K, committed 13184K, reserved 1064960K
  class space    used 1721K, capacity 1835K, committed 1920K, reserved 1048576K

Card table byte_map: [0x0000000011b80000,0x0000000011e90000] byte_map_base: 0x0000000011680000

Marking Bits: (ParMarkBitMap*) 0x000000006f799f30
 Begin Bits: [0x0000000012490000, 0x0000000013c90000)
 End Bits:   [0x0000000013c90000, 0x0000000015490000)

Polling page: 0x00000000003f0000

CodeCache: size=245760Kb used=4939Kb max_used=4939Kb free=240820Kb
 bounds [0x00000000027c0000, 0x0000000002ca0000, 0x00000000117c0000]
 total_blobs=1761 nmethods=1386 adapters=288
 compilation: enabled

Compilation events (10 events):
Event: 5.007 Thread 0x0000000016138800 1375       3       java.util.HashMap$ValueIterator::next (8 bytes)
Event: 5.007 Thread 0x0000000016138800 nmethod 1375 0x0000000002c90d50 code [0x0000000002c90ec0, 0x0000000002c910c8]
Event: 5.007 Thread 0x0000000016138800 1376       3       java.io.OutputStream::<init> (5 bytes)
Event: 5.007 Thread 0x0000000016138800 nmethod 1376 0x0000000002c90950 code [0x0000000002c90ac0, 0x0000000002c90c70]
Event: 5.015 Thread 0x0000000016134000 nmethod 1372 0x0000000002c92950 code [0x0000000002c92ae0, 0x0000000002c93868]
Event: 5.015 Thread 0x0000000016134000 1374       4       java.nio.DirectLongBufferU::put (18 bytes)
Event: 5.016 Thread 0x0000000016134000 nmethod 1374 0x0000000002c8d650 code [0x0000000002c8d780, 0x0000000002c8d818]
Event: 5.016 Thread 0x0000000016134000 1377       4       sun.misc.ProxyGenerator$ConstantPool$IndirectEntry::hashCode (15 bytes)
Event: 5.017 Thread 0x0000000016134000 nmethod 1377 0x0000000002c75310 code [0x0000000002c75440, 0x0000000002c754b8]
Event: 5.024 Thread 0x0000000016138800 1379       3       java.lang.invoke.LambdaForm::uncustomize (58 bytes)

GC Heap History (6 events):
Event: 2.125 GC heap before
{Heap before GC invocations=1 (full 0):
 PSYoungGen      total 37888K, used 32768K [0x00000000e0000000, 0x00000000e2a00000, 0x0000000100000000)
  eden space 32768K, 100% used [0x00000000e0000000,0x00000000e2000000,0x00000000e2000000)
  from space 5120K, 0% used [0x00000000e2500000,0x00000000e2500000,0x00000000e2a00000)
  to   space 5120K, 0% used [0x00000000e2000000,0x00000000e2000000,0x00000000e2500000)
 ParOldGen       total 86016K, used 0K [0x00000000a0000000, 0x00000000a5400000, 0x00000000e0000000)
  object space 86016K, 0% used [0x00000000a0000000,0x00000000a0000000,0x00000000a5400000)
 Metaspace       used 6710K, capacity 6944K, committed 7040K, reserved 1056768K
  class space    used 817K, capacity 876K, committed 896K, reserved 1048576K
Event: 2.132 GC heap after
Heap after GC invocations=1 (full 0):
 PSYoungGen      total 37888K, used 4171K [0x00000000e0000000, 0x00000000e2a00000, 0x0000000100000000)
  eden space 32768K, 0% used [0x00000000e0000000,0x00000000e0000000,0x00000000e2000000)
  from space 5120K, 81% used [0x00000000e2000000,0x00000000e2412c30,0x00000000e2500000)
  to   space 5120K, 0% used [0x00000000e2500000,0x00000000e2500000,0x00000000e2a00000)
 ParOldGen       total 86016K, used 16K [0x00000000a0000000, 0x00000000a5400000, 0x00000000e0000000)
  object space 86016K, 0% used [0x00000000a0000000,0x00000000a0004000,0x00000000a5400000)
 Metaspace       used 6710K, capacity 6944K, committed 7040K, reserved 1056768K
  class space    used 817K, capacity 876K, committed 896K, reserved 1048576K
}
Event: 2.802 GC heap before
{Heap before GC invocations=2 (full 0):
 PSYoungGen      total 37888K, used 36939K [0x00000000e0000000, 0x00000000e2a00000, 0x0000000100000000)
  eden space 32768K, 100% used [0x00000000e0000000,0x00000000e2000000,0x00000000e2000000)
  from space 5120K, 81% used [0x00000000e2000000,0x00000000e2412c30,0x00000000e2500000)
  to   space 5120K, 0% used [0x00000000e2500000,0x00000000e2500000,0x00000000e2a00000)
 ParOldGen       total 86016K, used 16K [0x00000000a0000000, 0x00000000a5400000, 0x00000000e0000000)
  object space 86016K, 0% used [0x00000000a0000000,0x00000000a0004000,0x00000000a5400000)
 Metaspace       used 6994K, capacity 7256K, committed 7424K, reserved 1056768K
  class space    used 857K, capacity 916K, committed 1024K, reserved 1048576K
Event: 2.811 GC heap after
Heap after GC invocations=2 (full 0):
 PSYoungGen      total 37888K, used 3229K [0x00000000e0000000, 0x00000000e2a00000, 0x0000000100000000)
  eden space 32768K, 0% used [0x00000000e0000000,0x00000000e0000000,0x00000000e2000000)
  from space 5120K, 63% used [0x00000000e2500000,0x00000000e28276e0,0x00000000e2a00000)
  to   space 5120K, 0% used [0x00000000e2000000,0x00000000e2000000,0x00000000e2500000)
 ParOldGen       total 86016K, used 24K [0x00000000a0000000, 0x00000000a5400000, 0x00000000e0000000)
  object space 86016K, 0% used [0x00000000a0000000,0x00000000a0006000,0x00000000a5400000)
 Metaspace       used 6994K, capacity 7256K, committed 7424K, reserved 1056768K
  class space    used 857K, capacity 916K, committed 1024K, reserved 1048576K
}
Event: 4.925 GC heap before
{Heap before GC invocations=3 (full 0):
 PSYoungGen      total 37888K, used 35997K [0x00000000e0000000, 0x00000000e2a00000, 0x0000000100000000)
  eden space 32768K, 100% used [0x00000000e0000000,0x00000000e2000000,0x00000000e2000000)
  from space 5120K, 63% used [0x00000000e2500000,0x00000000e28276e0,0x00000000e2a00000)
  to   space 5120K, 0% used [0x00000000e2000000,0x00000000e2000000,0x00000000e2500000)
 ParOldGen       total 86016K, used 24K [0x00000000a0000000, 0x00000000a5400000, 0x00000000e0000000)
  object space 86016K, 0% used [0x00000000a0000000,0x00000000a0006000,0x00000000a5400000)
 Metaspace       used 12294K, capacity 12746K, committed 12928K, reserved 1062912K
  class space    used 1647K, capacity 1803K, committed 1920K, reserved 1048576K
Event: 4.933 GC heap after
Heap after GC invocations=3 (full 0):
 PSYoungGen      total 37888K, used 5120K [0x00000000e0000000, 0x00000000e2a00000, 0x0000000100000000)
  eden space 32768K, 0% used [0x00000000e0000000,0x00000000e0000000,0x00000000e2000000)
  from space 5120K, 100% used [0x00000000e2000000,0x00000000e2500000,0x00000000e2500000)
  to   space 5120K, 0% used [0x00000000e2500000,0x00000000e2500000,0x00000000e2a00000)
 ParOldGen       total 86016K, used 1343K [0x00000000a0000000, 0x00000000a5400000, 0x00000000e0000000)
  object space 86016K, 1% used [0x00000000a0000000,0x00000000a014fcd0,0x00000000a5400000)
 Metaspace       used 12294K, capacity 12746K, committed 12928K, reserved 1062912K
  class space    used 1647K, capacity 1803K, committed 1920K, reserved 1048576K
}

Deoptimization events (10 events):
Event: 2.913 Thread 0x00000000024be000 Uncommon trap: reason=class_check action=maybe_recompile pc=0x0000000002aa9a58 method=java.util.regex.Matcher.match(II)Z @ 86
Event: 3.231 Thread 0x00000000024be000 Uncommon trap: reason=unstable_if action=reinterpret pc=0x0000000002a96dc8 method=java.util.HashMap.getNode(ILjava/lang/Object;)Ljava/util/HashMap$Node; @ 129
Event: 3.231 Thread 0x00000000024be000 Uncommon trap: reason=class_check action=maybe_recompile pc=0x0000000002a87abc method=java.util.HashMap.putVal(ILjava/lang/Object;Ljava/lang/Object;ZZ)Ljava/lang/Object; @ 203
Event: 3.721 Thread 0x00000000024be000 Uncommon trap: reason=unstable_if action=reinterpret pc=0x0000000002a7b938 method=java.io.WinNTFileSystem.normalize(Ljava/lang/String;)Ljava/lang/String; @ 128
Event: 4.781 Thread 0x0000000019be6800 Uncommon trap: reason=unstable_if action=reinterpret pc=0x0000000002bb36f4 method=java.util.concurrent.ConcurrentHashMap.putVal(Ljava/lang/Object;Ljava/lang/Object;Z)Ljava/lang/Object; @ 206
Event: 4.855 Thread 0x0000000019c39800 Uncommon trap: reason=bimorphic action=maybe_recompile pc=0x0000000002a875ac method=java.util.HashMap.putVal(ILjava/lang/Object;Ljava/lang/Object;ZZ)Ljava/lang/Object; @ 253
Event: 4.855 Thread 0x0000000019c39800 Uncommon trap: reason=bimorphic action=maybe_recompile pc=0x0000000002a875ac method=java.util.HashMap.putVal(ILjava/lang/Object;Ljava/lang/Object;ZZ)Ljava/lang/Object; @ 253
Event: 4.855 Thread 0x0000000019c39800 Uncommon trap: reason=bimorphic action=maybe_recompile pc=0x0000000002a875ac method=java.util.HashMap.putVal(ILjava/lang/Object;Ljava/lang/Object;ZZ)Ljava/lang/Object; @ 253
Event: 4.855 Thread 0x0000000019c39800 Uncommon trap: reason=bimorphic action=maybe_recompile pc=0x0000000002a875ac method=java.util.HashMap.putVal(ILjava/lang/Object;Ljava/lang/Object;ZZ)Ljava/lang/Object; @ 253
Event: 4.855 Thread 0x0000000019c39800 Uncommon trap: reason=bimorphic action=maybe_recompile pc=0x0000000002a246e4 method=java.util.HashMap.putVal(ILjava/lang/Object;Ljava/lang/Object;ZZ)Ljava/lang/Object; @ 253

Classes redefined (0 events):
No events

Internal exceptions (10 events):
Event: 4.786 Thread 0x0000000019be6800 Exception <a 'java/lang/NoSuchMethodError': <clinit>> (0x00000000e1910a70) thrown at [D:\src\AOSP-openjdk-cygwin\jdk8u\hotspot\src\share\vm\prims\jni.cpp, line 1614]
Event: 4.791 Thread 0x0000000019be6800 Exception <a 'java/lang/NoSuchMethodError': <clinit>> (0x00000000e1923c38) thrown at [D:\src\AOSP-openjdk-cygwin\jdk8u\hotspot\src\share\vm\prims\jni.cpp, line 1614]
Event: 4.794 Thread 0x0000000019be6800 Exception <a 'java/lang/NoSuchMethodError': <clinit>> (0x00000000e194b0a0) thrown at [D:\src\AOSP-openjdk-cygwin\jdk8u\hotspot\src\share\vm\prims\jni.cpp, line 1614]
Event: 4.799 Thread 0x0000000019be6800 Exception <a 'java/lang/NoSuchMethodError': <clinit>> (0x00000000e19630c8) thrown at [D:\src\AOSP-openjdk-cygwin\jdk8u\hotspot\src\share\vm\prims\jni.cpp, line 1614]
Event: 4.800 Thread 0x0000000019be6800 Exception <a 'java/lang/NoSuchMethodError': <clinit>> (0x00000000e196bd58) thrown at [D:\src\AOSP-openjdk-cygwin\jdk8u\hotspot\src\share\vm\prims\jni.cpp, line 1614]
Event: 4.803 Thread 0x0000000019be6800 Exception <a 'java/lang/NoSuchMethodError': <clinit>> (0x00000000e1982428) thrown at [D:\src\AOSP-openjdk-cygwin\jdk8u\hotspot\src\share\vm\prims\jni.cpp, line 1614]
Event: 4.814 Thread 0x0000000019be6800 Exception <a 'java/lang/NoSuchMethodError': <clinit>> (0x00000000e19e0958) thrown at [D:\src\AOSP-openjdk-cygwin\jdk8u\hotspot\src\share\vm\prims\jni.cpp, line 1614]
Event: 4.820 Thread 0x0000000019be6800 Exception <a 'java/lang/NoSuchMethodError': <clinit>> (0x00000000e1a0d6c0) thrown at [D:\src\AOSP-openjdk-cygwin\jdk8u\hotspot\src\share\vm\prims\jni.cpp, line 1614]
Event: 4.825 Thread 0x0000000019be6800 Exception <a 'java/lang/NoSuchMethodError': <clinit>> (0x00000000e1a3ba30) thrown at [D:\src\AOSP-openjdk-cygwin\jdk8u\hotspot\src\share\vm\prims\jni.cpp, line 1614]
Event: 4.826 Thread 0x0000000019be6800 Exception <a 'java/lang/NoSuchMethodError': <clinit>> (0x00000000e1a46e38) thrown at [D:\src\AOSP-openjdk-cygwin\jdk8u\hotspot\src\share\vm\prims\jni.cpp, line 1614]

Events (10 events):
Event: 5.022 loading class org/gradle/internal/operations/DefaultBuildOperationListenerManager$ProgressShieldingBuildOperationListener
Event: 5.022 loading class org/gradle/internal/operations/DefaultBuildOperationListenerManager$ProgressShieldingBuildOperationListener done
Event: 5.023 loading class org/gradle/internal/service/scopes/BuildTreeScopeServices
Event: 5.023 loading class org/gradle/internal/service/scopes/BuildTreeScopeServices done
Event: 5.023 loading class org/gradle/api/internal/project/DefaultProjectStateRegistry
Event: 5.023 loading class org/gradle/api/internal/project/DefaultProjectStateRegistry done
Event: 5.024 loading class org/gradle/api/internal/project/ProjectStateRegistry
Event: 5.024 loading class org/gradle/api/internal/project/ProjectStateRegistry done
Event: 5.024 loading class org/gradle/internal/service/scopes/BuildTreeScopeServices$1
Event: 5.024 loading class org/gradle/internal/service/scopes/BuildTreeScopeServices$1 done


Dynamic libraries:
0x00007ff6c4280000 - 0x00007ff6c42b1000 	C:\Program Files\Android\Android Studio1\jre\bin\java.exe
0x00007ffb33d80000 - 0x00007ffb33f70000 	C:\Windows\SYSTEM32\ntdll.dll
0x00007ffb33bc0000 - 0x00007ffb33c72000 	C:\Windows\System32\KERNEL32.DLL
0x00007ffb31ae0000 - 0x00007ffb31d83000 	C:\Windows\System32\KERNELBASE.dll
0x00007ffb33800000 - 0x00007ffb338a3000 	C:\Windows\System32\ADVAPI32.dll
0x00007ffb33c80000 - 0x00007ffb33d1e000 	C:\Windows\System32\msvcrt.dll
0x00007ffb33120000 - 0x00007ffb331b7000 	C:\Windows\System32\sechost.dll
0x00007ffb338f0000 - 0x00007ffb33a10000 	C:\Windows\System32\RPCRT4.dll
0x00007ffb33320000 - 0x00007ffb334b4000 	C:\Windows\System32\USER32.dll
0x00007ffb310b0000 - 0x00007ffb310d1000 	C:\Windows\System32\win32u.dll
0x00007ffb338b0000 - 0x00007ffb338d6000 	C:\Windows\System32\GDI32.dll
0x00007ffb30dc0000 - 0x00007ffb30f54000 	C:\Windows\System32\gdi32full.dll
0x00007ffb310e0000 - 0x00007ffb3117e000 	C:\Windows\System32\msvcp_win.dll
0x00007ffb31900000 - 0x00007ffb319fa000 	C:\Windows\System32\ucrtbase.dll
0x00007ffb20470000 - 0x00007ffb206f5000 	C:\Windows\WinSxS\amd64_microsoft.windows.common-controls_6595b64144ccf1df_6.0.18362.720_none_e6beb5c51314836b\COMCTL32.dll
0x00007ffb334c0000 - 0x00007ffb337f6000 	C:\Windows\System32\combase.dll
0x00007ffb31d90000 - 0x00007ffb31e10000 	C:\Windows\System32\bcryptPrimitives.dll
0x00007ffb32930000 - 0x00007ffb3295e000 	C:\Windows\System32\IMM32.DLL
0x000000006ee10000 - 0x000000006eee2000 	C:\Program Files\Android\Android Studio1\jre\jre\bin\msvcr100.dll
0x000000006efd0000 - 0x000000006f816000 	C:\Program Files\Android\Android Studio1\jre\jre\bin\server\jvm.dll
0x00007ffb32920000 - 0x00007ffb32928000 	C:\Windows\System32\PSAPI.DLL
0x00007ffb2ea00000 - 0x00007ffb2ea24000 	C:\Windows\SYSTEM32\WINMM.dll
0x00007ffb2e9d0000 - 0x00007ffb2e9fd000 	C:\Windows\SYSTEM32\WINMMBASE.dll
0x00007ffb30d10000 - 0x00007ffb30d5a000 	C:\Windows\System32\cfgmgr32.dll
0x00007ffb1cf90000 - 0x00007ffb1cf99000 	C:\Windows\SYSTEM32\WSOCK32.dll
0x00007ffb26320000 - 0x00007ffb2632a000 	C:\Windows\SYSTEM32\VERSION.dll
0x00007ffb330b0000 - 0x00007ffb3311f000 	C:\Windows\System32\WS2_32.dll
0x00007ffb2a0d0000 - 0x00007ffb2a0df000 	C:\Program Files\Android\Android Studio1\jre\jre\bin\verify.dll
0x00007ffb280d0000 - 0x00007ffb280f9000 	C:\Program Files\Android\Android Studio1\jre\jre\bin\java.dll
0x00007ffb25de0000 - 0x00007ffb25df6000 	C:\Program Files\Android\Android Studio1\jre\jre\bin\zip.dll
0x00007ffb32960000 - 0x00007ffb33045000 	C:\Windows\System32\SHELL32.dll
0x00007ffb32870000 - 0x00007ffb32919000 	C:\Windows\System32\shcore.dll
0x00007ffb31180000 - 0x00007ffb31900000 	C:\Windows\System32\windows.storage.dll
0x00007ffb30c90000 - 0x00007ffb30cb3000 	C:\Windows\System32\profapi.dll
0x00007ffb30cc0000 - 0x00007ffb30d0a000 	C:\Windows\System32\powrprof.dll
0x00007ffb30c40000 - 0x00007ffb30c50000 	C:\Windows\System32\UMPDC.dll
0x00007ffb33050000 - 0x00007ffb330a2000 	C:\Windows\System32\shlwapi.dll
0x00007ffb30c50000 - 0x00007ffb30c61000 	C:\Windows\System32\kernel.appcore.dll
0x00007ffb31e10000 - 0x00007ffb31e27000 	C:\Windows\System32\cryptsp.dll
0x00007ffb22430000 - 0x00007ffb2244a000 	C:\Program Files\Android\Android Studio1\jre\jre\bin\net.dll
0x00007ffb230b0000 - 0x00007ffb23285000 	C:\Windows\SYSTEM32\urlmon.dll
0x00007ffb21ca0000 - 0x00007ffb21f46000 	C:\Windows\SYSTEM32\iertutil.dll
0x00007ffb30620000 - 0x00007ffb3062c000 	C:\Windows\SYSTEM32\CRYPTBASE.DLL
0x00007ffb30450000 - 0x00007ffb304b7000 	C:\Windows\system32\mswsock.dll
0x00007ffb1f2b0000 - 0x00007ffb1f2c3000 	C:\Program Files\Android\Android Studio1\jre\jre\bin\nio.dll
0x00007ffb1f2f0000 - 0x00007ffb1f316000 	C:\Users\moh3nnote\.gradle\native\30\windows-amd64\native-platform.dll
0x00007ffb29fc0000 - 0x00007ffb29fcd000 	C:\Program Files\Android\Android Studio1\jre\jre\bin\management.dll
0x00007ffb2ffc0000 - 0x00007ffb2fff3000 	C:\Windows\system32\rsaenh.dll
0x00007ffb31a00000 - 0x00007ffb31a26000 	C:\Windows\System32\bcrypt.dll
0x00007ffb30b60000 - 0x00007ffb30b85000 	C:\Windows\SYSTEM32\USERENV.dll
0x00007ffb30160000 - 0x00007ffb3019a000 	C:\Windows\SYSTEM32\IPHLPAPI.DLL
0x00007ffb338e0000 - 0x00007ffb338e8000 	C:\Windows\System32\NSI.dll
0x00007ffb25420000 - 0x00007ffb25436000 	C:\Windows\SYSTEM32\dhcpcsvc6.DLL
0x00007ffb247d0000 - 0x00007ffb247ec000 	C:\Windows\SYSTEM32\dhcpcsvc.DLL
0x00007ffb301a0000 - 0x00007ffb3026a000 	C:\Windows\SYSTEM32\DNSAPI.dll

VM Arguments:
jvm_args: -Xmx1536m -Dfile.encoding=windows-1252 -Duser.country=US -Duser.language=en -Duser.variant 
java_command: org.gradle.launcher.daemon.bootstrap.GradleDaemon 5.6.4
java_class_path (initial): C:\Users\moh3nnote\.gradle\wrapper\dists\gradle-5.6.4-all\ankdp27end7byghfw1q2sw75f\gradle-5.6.4\lib\gradle-launcher-5.6.4.jar
Launcher Type: SUN_STANDARD

Environment Variables:
PATH=C:\Program Files (x86)\Common Files\Intel\Shared Libraries\redist\intel64\compiler;C:\ProgramData\Oracle\Java\javapath;C:\Windows\system32;C:\Windows;C:\Windows\System32\Wbem;C:\Windows\System32\WindowsPowerShell\v1.0\;C:\Windows\System32\OpenSSH\;C:\Program Files\Intel\WiFi\bin\;C:\Program Files\Common Files\Intel\WirelessCommon\;C:\Program Files\Git\cmd;E:\MATTTTTTTTTTTTTTTT\bin;C:\Users\moh3nnote\AppData\Local\Microsoft\WindowsApps;
USERNAME=moh3nnote
OS=Windows_NT
PROCESSOR_IDENTIFIER=Intel64 Family 6 Model 61 Stepping 4, GenuineIntel



---------------  S Y S T E M  ---------------

OS: Windows 10.0 , 64 bit Build 18362 (10.0.18362.329)

CPU:total 4 (initial active 4) (2 cores per cpu, 2 threads per core) family 6 model 61 stepping 4, cmov, cx8, fxsr, mmx, sse, sse2, sse3, ssse3, sse4.1, sse4.2, popcnt, avx, avx2, aes, clmul, erms, rtm, 3dnowpref, lzcnt, ht, tsc, tscinvbit, bmi1, bmi2, adx

Memory: 4k page, physical 8227948k(472412k free), swap 16533772k(0k free)

vm_info: OpenJDK 64-Bit Server VM (25.212-b04) for windows-amd64 JRE (1.8.0_212-release-1586-b04), built by "builder" with MS VC++ 10.0 (VS2010)

time: Tue Mar 24 22:05:06 2020
timezone: Pacific Daylight Time
elapsed time: 5 seconds (0d 0h 0m 5s)

